Success (7):
datatype 8262 {urn:com:appian:types}AUT_TestData "{urn:com:appian:types}AUT_TestData"
dataStore 39454 _a-0000dc59-a427-8000-ba62-01ef9001ef90_2437 "AUT DS"
content 39456 _a-0000dc59-a427-8000-ba62-01ef9001ef90_2439 "AUT_TestDataInputRecord"
content 39451 _a-0000dc59-a427-8000-ba62-01ef9001ef90_2435 "AUT_TestDataInput"
content 39452 _a-0000ebcc-38db-8000-9bfd-011c48011c48_751907 "AUT_FinalPriceCalculation"
content 39455 _a-0000ebcc-38db-8000-9bfd-011c48011c48_751999 "AUT_FINAL_COST_CHANGE"
processModel 3666 0002dc5a-2a82-8000-ba62-014d98014d98 "AUT Data Input Test"

Referenced precedents that were not exported (12):
datatype 8216 {urn:com:appian:types}AUT_Test_Case_Result_XML_Data
datatype 8222 {urn:com:appian:types}AUT_Deployment_Build_Details
datatype 8234 {urn:com:appian:types}AUT_Fitnesse_XML_Data
group 554 _e-0000dc5b-1c90-8000-ba62-011e94011e94_8
group 555 _e-0000dc59-058c-8000-ba62-011e94011e94_7
content 39056 _a-0000dc59-a427-8000-ba62-01ef9001ef90_2422
content 39099 _a-0000dc59-a427-8000-ba62-01ef9001ef90_2445
content 39060 _a-0000dc59-a427-8000-ba62-01ef9001ef90_2449
content 39062 _a-0000dc59-a427-8000-ba62-01ef9001ef90_2452
content 39101 _a-0000dc59-a427-8000-ba62-01ef9001ef90_2453
processModelFolder 73 _g-0000dc59-c9a6-8000-ba62-014d98014d98_2
tempoFeed 8 53fe1cd9-a83d-4e9d-9990-eeda7c94da36

Trace:
2024-05-13 13:45:40.598 DEBUG datatype 8262 {urn:com:appian:types}AUT_TestData Begin transport.
2024-05-13 13:45:40.598 DEBUG datatype 8262 {urn:com:appian:types}AUT_TestData Retrieving object data.
2024-05-13 13:45:40.626 DEBUG datatype 8262 {urn:com:appian:types}AUT_TestData Setting uuids of object references.
2024-05-13 13:45:40.626 DEBUG datatype 8262 {urn:com:appian:types}AUT_TestData Exporting binary resources.
2024-05-13 13:45:40.626 DEBUG datatype 8262 {urn:com:appian:types}AUT_TestData Serializing object to XML.
2024-05-13 13:45:40.627 DEBUG datatype 8262 {urn:com:appian:types}AUT_TestData Object transported.
2024-05-13 13:45:40.653 DEBUG dataStore 39454 _a-0000dc59-a427-8000-ba62-01ef9001ef90_2437 Begin transport.
2024-05-13 13:45:40.653 DEBUG dataStore 39454 _a-0000dc59-a427-8000-ba62-01ef9001ef90_2437 Retrieving object data.
2024-05-13 13:45:40.686 DEBUG dataStore 39454 _a-0000dc59-a427-8000-ba62-01ef9001ef90_2437 Setting uuids of object references.
2024-05-13 13:45:40.686 DEBUG dataStore 39454 _a-0000dc59-a427-8000-ba62-01ef9001ef90_2437 Processing reference: PersistedDataStoreConfigImpl.dataSourceKey
2024-05-13 13:45:40.707 DEBUG dataStore 39454 _a-0000dc59-a427-8000-ba62-01ef9001ef90_2437 Processing reference: datatypeRef[id=8262]
2024-05-13 13:45:40.707 DEBUG dataStore 39454 _a-0000dc59-a427-8000-ba62-01ef9001ef90_2437 Processing reference: datatypeRef[id=8216]
2024-05-13 13:45:40.707 DEBUG dataStore 39454 _a-0000dc59-a427-8000-ba62-01ef9001ef90_2437 Processing reference: datatypeRef[id=8222]
2024-05-13 13:45:40.708 DEBUG dataStore 39454 _a-0000dc59-a427-8000-ba62-01ef9001ef90_2437 Processing reference: datatypeRef[id=8234]
2024-05-13 13:45:40.708 DEBUG dataStore 39454 _a-0000dc59-a427-8000-ba62-01ef9001ef90_2437 Processing reference: ContentRole[name=administrators,groupIds=[554],inherit=false,allowForAll=false]
2024-05-13 13:45:40.71 DEBUG dataStore 39454 _a-0000dc59-a427-8000-ba62-01ef9001ef90_2437 Processing reference: ContentRole[name=authors,inherit=false,allowForAll=false]
2024-05-13 13:45:40.71 DEBUG dataStore 39454 _a-0000dc59-a427-8000-ba62-01ef9001ef90_2437 Processing reference: ContentRole[name=denyAdministrators,inherit=false,allowForAll=false]
2024-05-13 13:45:40.71 DEBUG dataStore 39454 _a-0000dc59-a427-8000-ba62-01ef9001ef90_2437 Processing reference: ContentRole[name=denyAuthors,inherit=false,allowForAll=false]
2024-05-13 13:45:40.71 DEBUG dataStore 39454 _a-0000dc59-a427-8000-ba62-01ef9001ef90_2437 Processing reference: ContentRole[name=denyReaders,inherit=false,allowForAll=false]
2024-05-13 13:45:40.71 DEBUG dataStore 39454 _a-0000dc59-a427-8000-ba62-01ef9001ef90_2437 Processing reference: ContentRole[name=readers,groupIds=[555],inherit=false,allowForAll=false]
2024-05-13 13:45:40.712 DEBUG dataStore 39454 _a-0000dc59-a427-8000-ba62-01ef9001ef90_2437 Exporting binary resources.
2024-05-13 13:45:40.712 DEBUG dataStore 39454 _a-0000dc59-a427-8000-ba62-01ef9001ef90_2437 Serializing object to XML.
2024-05-13 13:45:40.716 DEBUG dataStore 39454 _a-0000dc59-a427-8000-ba62-01ef9001ef90_2437 Object transported.
2024-05-13 13:45:40.724 DEBUG content 39456 _a-0000dc59-a427-8000-ba62-01ef9001ef90_2439 Begin transport.
2024-05-13 13:45:40.724 DEBUG content 39456 _a-0000dc59-a427-8000-ba62-01ef9001ef90_2439 Retrieving object data.
2024-05-13 13:45:40.74 DEBUG content 39456 _a-0000dc59-a427-8000-ba62-01ef9001ef90_2439 Setting uuids of object references.
2024-05-13 13:45:40.74 DEBUG content 39456 _a-0000dc59-a427-8000-ba62-01ef9001ef90_2439 Processing reference: [Content:id=39058,versionId=-1,name=AUT_TestDataInputRecord,type=32,subtype=6,uuid=_a-0000dc59-a427-8000-ba62-01ef9001ef90_2439,parent=39056]
2024-05-13 13:45:40.741 DEBUG content 39456 _a-0000dc59-a427-8000-ba62-01ef9001ef90_2439 Processing reference: Interface.forum
2024-05-13 13:45:40.742 DEBUG content 39456 _a-0000dc59-a427-8000-ba62-01ef9001ef90_2439 Processing reference: TypedVariable[name=testData,it=8262,v=<null>]
2024-05-13 13:45:40.742 DEBUG content 39456 _a-0000dc59-a427-8000-ba62-01ef9001ef90_2439 Processing reference: Interface.parent
2024-05-13 13:45:40.755 DEBUG content 39456 _a-0000dc59-a427-8000-ba62-01ef9001ef90_2439 Processing reference: com.appiancorp.suiteapi.content.ContentRoleMap@b8184b0[
  ContentRole[name=readers,inherit=true,allowForAll=false]
  ContentRole[name=authors,inherit=true,allowForAll=false]
  ContentRole[name=administrators,inherit=true,allowForAll=false]
  ContentRole[name=denyReaders,inherit=false,allowForAll=false]
  ContentRole[name=denyAuthors,inherit=false,allowForAll=false]
  ContentRole[name=denyAdministrators,inherit=false,allowForAll=false]
  securityVector=15:SEC_PUBLIC=true,SEC_CREATOR_ADMIN=false,SEC_INH_ADMIN=true,SEC_INH_EDITOR=true,SEC_INH_VIEWER=true,SEC_ALL_ADMIN=false,SEC_ALL_EDITOR=false,SEC_ALL_VIEWER=false
]
2024-05-13 13:45:40.755 DEBUG content 39456 _a-0000dc59-a427-8000-ba62-01ef9001ef90_2439 Processing reference: ContentRole[name=readers,inherit=true,allowForAll=false]
2024-05-13 13:45:40.755 DEBUG content 39456 _a-0000dc59-a427-8000-ba62-01ef9001ef90_2439 Processing reference: ContentRole[name=authors,inherit=true,allowForAll=false]
2024-05-13 13:45:40.755 DEBUG content 39456 _a-0000dc59-a427-8000-ba62-01ef9001ef90_2439 Processing reference: ContentRole[name=administrators,inherit=true,allowForAll=false]
2024-05-13 13:45:40.755 DEBUG content 39456 _a-0000dc59-a427-8000-ba62-01ef9001ef90_2439 Processing reference: ContentRole[name=denyReaders,inherit=false,allowForAll=false]
2024-05-13 13:45:40.755 DEBUG content 39456 _a-0000dc59-a427-8000-ba62-01ef9001ef90_2439 Processing reference: ContentRole[name=denyAuthors,inherit=false,allowForAll=false]
2024-05-13 13:45:40.755 DEBUG content 39456 _a-0000dc59-a427-8000-ba62-01ef9001ef90_2439 Processing reference: ContentRole[name=denyAdministrators,inherit=false,allowForAll=false]
2024-05-13 13:45:40.755 DEBUG content 39456 _a-0000dc59-a427-8000-ba62-01ef9001ef90_2439 Exporting binary resources.
2024-05-13 13:45:40.755 DEBUG content 39456 _a-0000dc59-a427-8000-ba62-01ef9001ef90_2439 Serializing object to XML.
2024-05-13 13:45:40.759 DEBUG content 39456 _a-0000dc59-a427-8000-ba62-01ef9001ef90_2439 Object transported.
2024-05-13 13:45:40.759 DEBUG content 39451 _a-0000dc59-a427-8000-ba62-01ef9001ef90_2435 Begin transport.
2024-05-13 13:45:40.759 DEBUG content 39451 _a-0000dc59-a427-8000-ba62-01ef9001ef90_2435 Retrieving object data.
2024-05-13 13:45:40.772 DEBUG content 39451 _a-0000dc59-a427-8000-ba62-01ef9001ef90_2435 Setting uuids of object references.
2024-05-13 13:45:40.773 DEBUG content 39451 _a-0000dc59-a427-8000-ba62-01ef9001ef90_2435 Processing reference: [Content:id=39100,versionId=-1,name=AUT_TestDataInput,type=32,subtype=6,uuid=_a-0000dc59-a427-8000-ba62-01ef9001ef90_2435,parent=39056]
2024-05-13 13:45:40.78 DEBUG content 39451 _a-0000dc59-a427-8000-ba62-01ef9001ef90_2435 Processing reference: Interface.forum
2024-05-13 13:45:40.781 DEBUG content 39451 _a-0000dc59-a427-8000-ba62-01ef9001ef90_2435 Processing reference: TypedVariable[name=cancel,it=26,v=<null>]
2024-05-13 13:45:40.781 DEBUG content 39451 _a-0000dc59-a427-8000-ba62-01ef9001ef90_2435 Processing reference: TypedVariable[name=testData,it=8262,v=<null>]
2024-05-13 13:45:40.781 DEBUG content 39451 _a-0000dc59-a427-8000-ba62-01ef9001ef90_2435 Processing reference: TypedVariable[name=testID,it=3,v=]
2024-05-13 13:45:40.781 DEBUG content 39451 _a-0000dc59-a427-8000-ba62-01ef9001ef90_2435 Processing reference: Interface.parent
2024-05-13 13:45:40.786 DEBUG content 39451 _a-0000dc59-a427-8000-ba62-01ef9001ef90_2435 Processing reference: com.appiancorp.suiteapi.content.ContentRoleMap@3e2ba295[
  ContentRole[name=readers,inherit=true,allowForAll=false]
  ContentRole[name=authors,inherit=true,allowForAll=false]
  ContentRole[name=administrators,inherit=true,allowForAll=false]
  ContentRole[name=denyReaders,inherit=false,allowForAll=false]
  ContentRole[name=denyAuthors,inherit=false,allowForAll=false]
  ContentRole[name=denyAdministrators,inherit=false,allowForAll=false]
  securityVector=15:SEC_PUBLIC=true,SEC_CREATOR_ADMIN=false,SEC_INH_ADMIN=true,SEC_INH_EDITOR=true,SEC_INH_VIEWER=true,SEC_ALL_ADMIN=false,SEC_ALL_EDITOR=false,SEC_ALL_VIEWER=false
]
2024-05-13 13:45:40.786 DEBUG content 39451 _a-0000dc59-a427-8000-ba62-01ef9001ef90_2435 Processing reference: ContentRole[name=readers,inherit=true,allowForAll=false]
2024-05-13 13:45:40.786 DEBUG content 39451 _a-0000dc59-a427-8000-ba62-01ef9001ef90_2435 Processing reference: ContentRole[name=authors,inherit=true,allowForAll=false]
2024-05-13 13:45:40.786 DEBUG content 39451 _a-0000dc59-a427-8000-ba62-01ef9001ef90_2435 Processing reference: ContentRole[name=administrators,inherit=true,allowForAll=false]
2024-05-13 13:45:40.786 DEBUG content 39451 _a-0000dc59-a427-8000-ba62-01ef9001ef90_2435 Processing reference: ContentRole[name=denyReaders,inherit=false,allowForAll=false]
2024-05-13 13:45:40.786 DEBUG content 39451 _a-0000dc59-a427-8000-ba62-01ef9001ef90_2435 Processing reference: ContentRole[name=denyAuthors,inherit=false,allowForAll=false]
2024-05-13 13:45:40.786 DEBUG content 39451 _a-0000dc59-a427-8000-ba62-01ef9001ef90_2435 Processing reference: ContentRole[name=denyAdministrators,inherit=false,allowForAll=false]
2024-05-13 13:45:40.786 DEBUG content 39451 _a-0000dc59-a427-8000-ba62-01ef9001ef90_2435 Exporting binary resources.
2024-05-13 13:45:40.786 DEBUG content 39451 _a-0000dc59-a427-8000-ba62-01ef9001ef90_2435 Serializing object to XML.
2024-05-13 13:45:40.791 DEBUG content 39451 _a-0000dc59-a427-8000-ba62-01ef9001ef90_2435 Object transported.
2024-05-13 13:45:40.791 DEBUG content 39452 _a-0000ebcc-38db-8000-9bfd-011c48011c48_751907 Begin transport.
2024-05-13 13:45:40.791 DEBUG content 39452 _a-0000ebcc-38db-8000-9bfd-011c48011c48_751907 Retrieving object data.
2024-05-13 13:45:40.811 DEBUG content 39452 _a-0000ebcc-38db-8000-9bfd-011c48011c48_751907 Setting uuids of object references.
2024-05-13 13:45:40.811 DEBUG content 39452 _a-0000ebcc-38db-8000-9bfd-011c48011c48_751907 Processing reference: [Content:id=39146,versionId=-1,name=AUT_FinalPriceCalculation,type=32,subtype=1,uuid=_a-0000ebcc-38db-8000-9bfd-011c48011c48_751907,parent=39060]
2024-05-13 13:45:40.811 DEBUG content 39452 _a-0000ebcc-38db-8000-9bfd-011c48011c48_751907 Processing reference: FreeformRule.forum
2024-05-13 13:45:40.811 DEBUG content 39452 _a-0000ebcc-38db-8000-9bfd-011c48011c48_751907 Processing reference: TypedVariable[name=cost,it=2,v=<null>]
2024-05-13 13:45:40.812 DEBUG content 39452 _a-0000ebcc-38db-8000-9bfd-011c48011c48_751907 Processing reference: TypedVariable[name=quantities,it=1,v=<null>]
2024-05-13 13:45:40.812 DEBUG content 39452 _a-0000ebcc-38db-8000-9bfd-011c48011c48_751907 Processing reference: FreeformRule.parent
2024-05-13 13:45:40.953 DEBUG content 39452 _a-0000ebcc-38db-8000-9bfd-011c48011c48_751907 Processing reference: com.appiancorp.suiteapi.content.ContentRoleMap@59193322[
  ContentRole[name=readers,inherit=true,allowForAll=false]
  ContentRole[name=authors,inherit=true,allowForAll=false]
  ContentRole[name=administrators,inherit=true,allowForAll=false]
  ContentRole[name=denyReaders,inherit=false,allowForAll=false]
  ContentRole[name=denyAuthors,inherit=false,allowForAll=false]
  ContentRole[name=denyAdministrators,inherit=false,allowForAll=false]
  securityVector=15:SEC_PUBLIC=true,SEC_CREATOR_ADMIN=false,SEC_INH_ADMIN=true,SEC_INH_EDITOR=true,SEC_INH_VIEWER=true,SEC_ALL_ADMIN=false,SEC_ALL_EDITOR=false,SEC_ALL_VIEWER=false
]
2024-05-13 13:45:40.953 DEBUG content 39452 _a-0000ebcc-38db-8000-9bfd-011c48011c48_751907 Processing reference: ContentRole[name=readers,inherit=true,allowForAll=false]
2024-05-13 13:45:40.953 DEBUG content 39452 _a-0000ebcc-38db-8000-9bfd-011c48011c48_751907 Processing reference: ContentRole[name=authors,inherit=true,allowForAll=false]
2024-05-13 13:45:40.955 DEBUG content 39452 _a-0000ebcc-38db-8000-9bfd-011c48011c48_751907 Processing reference: ContentRole[name=administrators,inherit=true,allowForAll=false]
2024-05-13 13:45:40.955 DEBUG content 39452 _a-0000ebcc-38db-8000-9bfd-011c48011c48_751907 Processing reference: ContentRole[name=denyReaders,inherit=false,allowForAll=false]
2024-05-13 13:45:40.955 DEBUG content 39452 _a-0000ebcc-38db-8000-9bfd-011c48011c48_751907 Processing reference: ContentRole[name=denyAuthors,inherit=false,allowForAll=false]
2024-05-13 13:45:40.955 DEBUG content 39452 _a-0000ebcc-38db-8000-9bfd-011c48011c48_751907 Processing reference: ContentRole[name=denyAdministrators,inherit=false,allowForAll=false]
2024-05-13 13:45:40.972 DEBUG content 39452 _a-0000ebcc-38db-8000-9bfd-011c48011c48_751907 Exporting binary resources.
2024-05-13 13:45:40.972 DEBUG content 39452 _a-0000ebcc-38db-8000-9bfd-011c48011c48_751907 Serializing object to XML.
2024-05-13 13:45:40.99 DEBUG content 39452 _a-0000ebcc-38db-8000-9bfd-011c48011c48_751907 Object transported.
2024-05-13 13:45:40.99 DEBUG content 39455 _a-0000ebcc-38db-8000-9bfd-011c48011c48_751999 Begin transport.
2024-05-13 13:45:40.99 DEBUG content 39455 _a-0000ebcc-38db-8000-9bfd-011c48011c48_751999 Retrieving object data.
2024-05-13 13:45:41.019 DEBUG content 39455 _a-0000ebcc-38db-8000-9bfd-011c48011c48_751999 Setting uuids of object references.
2024-05-13 13:45:41.019 DEBUG content 39455 _a-0000ebcc-38db-8000-9bfd-011c48011c48_751999 Processing reference: [Content:id=39157,versionId=-1,name=AUT_FINAL_COST_CHANGE,type=32,subtype=0,uuid=_a-0000ebcc-38db-8000-9bfd-011c48011c48_751999,parent=39062]
2024-05-13 13:45:41.019 DEBUG content 39455 _a-0000ebcc-38db-8000-9bfd-011c48011c48_751999 Processing reference: Constant.forum
2024-05-13 13:45:41.019 DEBUG content 39455 _a-0000ebcc-38db-8000-9bfd-011c48011c48_751999 Processing reference: Constant.parent
2024-05-13 13:45:41.023 DEBUG content 39455 _a-0000ebcc-38db-8000-9bfd-011c48011c48_751999 Processing reference: com.appiancorp.suiteapi.content.ContentRoleMap@58c06ea5[
  ContentRole[name=readers,inherit=true,allowForAll=false]
  ContentRole[name=authors,inherit=true,allowForAll=false]
  ContentRole[name=administrators,inherit=true,allowForAll=false]
  ContentRole[name=denyReaders,inherit=false,allowForAll=false]
  ContentRole[name=denyAuthors,inherit=false,allowForAll=false]
  ContentRole[name=denyAdministrators,inherit=false,allowForAll=false]
  securityVector=15:SEC_PUBLIC=true,SEC_CREATOR_ADMIN=false,SEC_INH_ADMIN=true,SEC_INH_EDITOR=true,SEC_INH_VIEWER=true,SEC_ALL_ADMIN=false,SEC_ALL_EDITOR=false,SEC_ALL_VIEWER=false
]
2024-05-13 13:45:41.023 DEBUG content 39455 _a-0000ebcc-38db-8000-9bfd-011c48011c48_751999 Processing reference: ContentRole[name=readers,inherit=true,allowForAll=false]
2024-05-13 13:45:41.023 DEBUG content 39455 _a-0000ebcc-38db-8000-9bfd-011c48011c48_751999 Processing reference: ContentRole[name=authors,inherit=true,allowForAll=false]
2024-05-13 13:45:41.023 DEBUG content 39455 _a-0000ebcc-38db-8000-9bfd-011c48011c48_751999 Processing reference: ContentRole[name=administrators,inherit=true,allowForAll=false]
2024-05-13 13:45:41.023 DEBUG content 39455 _a-0000ebcc-38db-8000-9bfd-011c48011c48_751999 Processing reference: ContentRole[name=denyReaders,inherit=false,allowForAll=false]
2024-05-13 13:45:41.023 DEBUG content 39455 _a-0000ebcc-38db-8000-9bfd-011c48011c48_751999 Processing reference: ContentRole[name=denyAuthors,inherit=false,allowForAll=false]
2024-05-13 13:45:41.023 DEBUG content 39455 _a-0000ebcc-38db-8000-9bfd-011c48011c48_751999 Processing reference: ContentRole[name=denyAdministrators,inherit=false,allowForAll=false]
2024-05-13 13:45:41.023 DEBUG content 39455 _a-0000ebcc-38db-8000-9bfd-011c48011c48_751999 Registering export properties.
2024-05-13 13:45:41.023 DEBUG content 39455 _a-0000ebcc-38db-8000-9bfd-011c48011c48_751999 Exporting binary resources.
2024-05-13 13:45:41.023 DEBUG content 39455 _a-0000ebcc-38db-8000-9bfd-011c48011c48_751999 Serializing object to XML.
2024-05-13 13:45:41.027 DEBUG content 39455 _a-0000ebcc-38db-8000-9bfd-011c48011c48_751999 Object transported.
2024-05-13 13:45:41.029 DEBUG processModel 3666 0002dc5a-2a82-8000-ba62-014d98014d98 Begin transport.
2024-05-13 13:45:41.029 DEBUG processModel 3666 0002dc5a-2a82-8000-ba62-014d98014d98 Retrieving object data.
2024-05-13 13:45:41.169 DEBUG processModel 3666 0002dc5a-2a82-8000-ba62-014d98014d98 Setting uuids of object references.
2024-05-13 13:45:41.169 DEBUG processModel 3666 0002dc5a-2a82-8000-ba62-014d98014d98 Processing reference: ProcessModelHaul.folderId
2024-05-13 13:45:41.171 DEBUG processModel 3666 0002dc5a-2a82-8000-ba62-014d98014d98 Processing reference: ProcessModelHaul.modelDashboardPageId
2024-05-13 13:45:41.171 DEBUG processModel 3666 0002dc5a-2a82-8000-ba62-014d98014d98 Processing reference: ProcessModelHaul.processDashboardPageId
2024-05-13 13:45:41.171 DEBUG processModel 3666 0002dc5a-2a82-8000-ba62-014d98014d98 Processing reference: ProcessModel.emailAttachmentFolderId
2024-05-13 13:45:41.171 DEBUG processModel 3666 0002dc5a-2a82-8000-ba62-014d98014d98 Processing reference: FormElement[label=Question1]
2024-05-13 13:45:41.172 DEBUG processModel 3666 0002dc5a-2a82-8000-ba62-014d98014d98 Processing reference: 4096 554
2024-05-13 13:45:41.173 DEBUG processModel 3666 0002dc5a-2a82-8000-ba62-014d98014d98 Processing reference: ActivityClass.localId
2024-05-13 13:45:41.173 DEBUG processModel 3666 0002dc5a-2a82-8000-ba62-014d98014d98 Processing reference: ActivityClassParameter[name=pmID,it=23,v=<null>]
2024-05-13 13:45:41.173 DEBUG processModel 3666 0002dc5a-2a82-8000-ba62-014d98014d98 Processing reference: ActivityClassParameter[name=inMap,it=111,v={}]
2024-05-13 13:45:41.174 DEBUG processModel 3666 0002dc5a-2a82-8000-ba62-014d98014d98 Processing reference: ActivityClassParameter[name=procInheritsPriority,it=1,v=1]
2024-05-13 13:45:41.174 DEBUG processModel 3666 0002dc5a-2a82-8000-ba62-014d98014d98 Processing reference: ActivityClassParameter[name=pmUUID,it=3,v=]
2024-05-13 13:45:41.174 DEBUG processModel 3666 0002dc5a-2a82-8000-ba62-014d98014d98 Processing reference: ActivityClassParameter[name=isAsynchronous,it=26,v=1]
2024-05-13 13:45:41.174 DEBUG processModel 3666 0002dc5a-2a82-8000-ba62-014d98014d98 Processing reference: ActivityClassParameter[name=isTransparent,it=26,v=1]
2024-05-13 13:45:41.174 DEBUG processModel 3666 0002dc5a-2a82-8000-ba62-014d98014d98 Processing reference: ActivityClassParameter[name=inheritSecurity,it=26,v=0]
2024-05-13 13:45:41.174 DEBUG processModel 3666 0002dc5a-2a82-8000-ba62-014d98014d98 Processing reference: ActivityClass.localId
2024-05-13 13:45:41.174 DEBUG processModel 3666 0002dc5a-2a82-8000-ba62-014d98014d98 Processing reference: ActivityClassParameter[name=defaultNode,it=1,v=4]
2024-05-13 13:45:41.174 DEBUG processModel 3666 0002dc5a-2a82-8000-ba62-014d98014d98 Processing reference: ActivityClassParameter[name=rules,it=111,v={ActivityClassParameter[name=rule,it=11,v={ActivityClassParameter[name=expression,it=26,v=<null>],ActivityClassParameter[name=node,it=1,v=1],ActivityClassParameter[name=label,it=3,v=Cancel]}]}]
2024-05-13 13:45:41.175 DEBUG processModel 3666 0002dc5a-2a82-8000-ba62-014d98014d98 Processing reference: ActivityClassParameter[name=fired,it=1,v=0]
2024-05-13 13:45:41.175 DEBUG processModel 3666 0002dc5a-2a82-8000-ba62-014d98014d98 Processing reference: ActivityClassParameter[name=arrivedNodes,it=101,v=<null>]
2024-05-13 13:45:41.175 DEBUG processModel 3666 0002dc5a-2a82-8000-ba62-014d98014d98 Processing reference: ActivityClass.localId
2024-05-13 13:45:41.175 DEBUG processModel 3666 0002dc5a-2a82-8000-ba62-014d98014d98 Processing reference: ActivityClass.localId
2024-05-13 13:45:41.175 DEBUG processModel 3666 0002dc5a-2a82-8000-ba62-014d98014d98 Processing reference: ActivityClassParameter[name=EntryId,it=3,v=]
2024-05-13 13:45:41.175 DEBUG processModel 3666 0002dc5a-2a82-8000-ba62-014d98014d98 Processing reference: ActivityClassParameter[name=Message,it=3,v=]
2024-05-13 13:45:41.175 DEBUG processModel 3666 0002dc5a-2a82-8000-ba62-014d98014d98 Processing reference: ActivityClassParameter[name=Author,it=4,v=]
2024-05-13 13:45:41.175 DEBUG processModel 3666 0002dc5a-2a82-8000-ba62-014d98014d98 Processing reference: ActivityClassParameter[name=CommentId,it=3,v=]
2024-05-13 13:45:41.175 DEBUG processModel 3666 0002dc5a-2a82-8000-ba62-014d98014d98 Processing reference: ActivityClassParameter[name=Param3,it=8262,v=<null>]
2024-05-13 13:45:41.175 DEBUG processModel 3666 0002dc5a-2a82-8000-ba62-014d98014d98 Processing reference: ActivityClass.localId
2024-05-13 13:45:41.175 DEBUG processModel 3666 0002dc5a-2a82-8000-ba62-014d98014d98 Processing reference: ActivityClassParameter[name=DataStoreEntity,it=81,v=74a2f58d-a860-4446-9e88-73d6d983f9d0@39094]
2024-05-13 13:45:41.182 DEBUG processModel 3666 0002dc5a-2a82-8000-ba62-014d98014d98 Processing reference: ActivityClassParameter[name=StoredValues,it=197,v=<null>]
2024-05-13 13:45:41.183 DEBUG processModel 3666 0002dc5a-2a82-8000-ba62-014d98014d98 Processing reference: ActivityClass.localId
2024-05-13 13:45:41.183 DEBUG processModel 3666 0002dc5a-2a82-8000-ba62-014d98014d98 Processing reference: ActivityClassParameter[name=FeedId,it=87,v=8]
2024-05-13 13:45:41.184 DEBUG processModel 3666 0002dc5a-2a82-8000-ba62-014d98014d98 Processing reference: ActivityClassParameter[name=Message,it=3,v=]
2024-05-13 13:45:41.185 DEBUG processModel 3666 0002dc5a-2a82-8000-ba62-014d98014d98 Processing reference: ActivityClassParameter[name=Attachments,it=113,v=<null>]
2024-05-13 13:45:41.185 DEBUG processModel 3666 0002dc5a-2a82-8000-ba62-014d98014d98 Processing reference: ActivityClassParameter[name=RecordTags,it=217,v=<null>]
2024-05-13 13:45:41.185 DEBUG processModel 3666 0002dc5a-2a82-8000-ba62-014d98014d98 Processing reference: ActivityClassParameter[name=Icon,it=13,v=<null>]
2024-05-13 13:45:41.185 DEBUG processModel 3666 0002dc5a-2a82-8000-ba62-014d98014d98 Processing reference: ActivityClassParameter[name=Source,it=3,v=]
2024-05-13 13:45:41.185 DEBUG processModel 3666 0002dc5a-2a82-8000-ba62-014d98014d98 Processing reference: ActivityClassParameter[name=Viewers,it=127,v=<null>]
2024-05-13 13:45:41.185 DEBUG processModel 3666 0002dc5a-2a82-8000-ba62-014d98014d98 Processing reference: ActivityClassParameter[name=PersonalizationGroup,it=5,v=<null>]
2024-05-13 13:45:41.185 DEBUG processModel 3666 0002dc5a-2a82-8000-ba62-014d98014d98 Processing reference: ActivityClassParameter[name=ActionProcess,it=23,v=<null>]
2024-05-13 13:45:41.185 DEBUG processModel 3666 0002dc5a-2a82-8000-ba62-014d98014d98 Processing reference: ActivityClassParameter[name=ActionInstructions,it=3,v=]
2024-05-13 13:45:41.185 DEBUG processModel 3666 0002dc5a-2a82-8000-ba62-014d98014d98 Processing reference: ActivityClassParameter[name=EventData,it=891,v=<null>]
2024-05-13 13:45:41.185 DEBUG processModel 3666 0002dc5a-2a82-8000-ba62-014d98014d98 Processing reference: ActivityClassParameter[name=EntryId,it=3,v=]
2024-05-13 13:45:41.185 DEBUG processModel 3666 0002dc5a-2a82-8000-ba62-014d98014d98 Processing reference: ProcessVariable[name=EntryId,it=3,v=]
2024-05-13 13:45:41.185 DEBUG processModel 3666 0002dc5a-2a82-8000-ba62-014d98014d98 Processing reference: ProcessVariable[name=cancel,it=26,v=<null>]
2024-05-13 13:45:41.185 DEBUG processModel 3666 0002dc5a-2a82-8000-ba62-014d98014d98 Processing reference: ProcessVariable[name=testData,it=8262,v=<null>]
2024-05-13 13:45:41.185 DEBUG processModel 3666 0002dc5a-2a82-8000-ba62-014d98014d98 Processing reference: ProcessVariable[name=testID,it=1,v=0]
2024-05-13 13:45:41.186 DEBUG processModel 3666 0002dc5a-2a82-8000-ba62-014d98014d98 Processing reference: com.appiancorp.suiteapi.process.ProcessRoleMap@5fbe3137[
  Role[name=ADMIN_OWNER,groupIds=[554]]
  Role[name=EDITOR]
  Role[name=EXPLICIT_NONMEMBER]
  Role[name=VIEWER,groupIds=[555]]
  Role[name=MANAGER]
  Role[name=INITIATOR]
]
2024-05-13 13:45:41.186 DEBUG processModel 3666 0002dc5a-2a82-8000-ba62-014d98014d98 Processing reference: Role[name=ADMIN_OWNER,groupIds=[554]]
2024-05-13 13:45:41.187 DEBUG processModel 3666 0002dc5a-2a82-8000-ba62-014d98014d98 Processing reference: Role[name=EDITOR]
2024-05-13 13:45:41.187 DEBUG processModel 3666 0002dc5a-2a82-8000-ba62-014d98014d98 Processing reference: Role[name=EXPLICIT_NONMEMBER]
2024-05-13 13:45:41.187 DEBUG processModel 3666 0002dc5a-2a82-8000-ba62-014d98014d98 Processing reference: Role[name=VIEWER,groupIds=[555]]
2024-05-13 13:45:41.191 DEBUG processModel 3666 0002dc5a-2a82-8000-ba62-014d98014d98 Processing reference: Role[name=MANAGER]
2024-05-13 13:45:41.191 DEBUG processModel 3666 0002dc5a-2a82-8000-ba62-014d98014d98 Processing reference: Role[name=INITIATOR]
2024-05-13 13:45:41.2 DEBUG processModel 3666 0002dc5a-2a82-8000-ba62-014d98014d98 Exporting binary resources.
2024-05-13 13:45:41.2 DEBUG processModel 3666 0002dc5a-2a82-8000-ba62-014d98014d98 Serializing object to XML.
2024-05-13 13:45:41.223 DEBUG processModel 3666 0002dc5a-2a82-8000-ba62-014d98014d98 Object transported.
